<?xml version="1.0" encoding="UTF-8"?>
<!-- Generated by org.testng.reporters.JUnitReportReporter -->
<testsuite hostname="DESKTOP-1GE4RPA" failures="0" tests="2" name="testNGAnnottions_Flags.Flag1" time="0.055" errors="0" timestamp="2023-07-20T15:16:10 IST" skipped="0">
  <testcase classname="testNGAnnottions_Flags.Flag1" name="method2" time="0.016">
    <system-out>
      <![CDATA[method2 from flag1]]>
    </system-out>
  </testcase> <!-- method2 -->
  <testcase classname="testNGAnnottions_Flags.Flag1" name="method1" time="0.039">
    <system-out>
      <![CDATA[method1 from flag1]]>
    </system-out>
  </testcase> <!-- method1 -->
  <system-out>
    <![CDATA[method1 from flag1
method2 from flag1]]>
  </system-out>
</testsuite> <!-- testNGAnnottions_Flags.Flag1 -->
