<?xml version="1.0" encoding="UTF-8"?>
<!-- Generated by org.testng.reporters.JUnitReportReporter -->
<testsuite hostname="DESKTOP-1GE4RPA" failures="0" tests="9" name="testNGAnnottions_Flags.Flag4" time="0.151" errors="0" timestamp="2023-07-22T14:59:55 IST" skipped="0">
  <testcase classname="testNGAnnottions_Flags.Flag4" name="c" time="0.026"/>
  <testcase classname="testNGAnnottions_Flags.Flag4" name="z" time="0.007"/>
  <testcase classname="testNGAnnottions_Flags.Flag4" name="b" time="0.008"/>
  <testcase classname="testNGAnnottions_Flags.Flag4" name="d" time="0.029"/>
  <testcase classname="testNGAnnottions_Flags.Flag4" name="a" time="0.013"/>
  <testcase classname="testNGAnnottions_Flags.Flag4" name="e" time="0.011"/>
  <testcase classname="testNGAnnottions_Flags.Flag4" name="f" time="0.012"/>
  <testcase classname="testNGAnnottions_Flags.Flag4" name="g" time="0.028"/>
  <testcase classname="testNGAnnottions_Flags.Flag4" name="h" time="0.017"/>
</testsuite> <!-- testNGAnnottions_Flags.Flag4 -->
