<?xml version="1.0" encoding="UTF-8"?>
<!-- Generated by org.testng.reporters.JUnitReportReporter -->
<testsuite hostname="DESKTOP-1GE4RPA" failures="0" tests="50" name="testNGAnnottions_Flags.Flag3" time="0.455" errors="0" timestamp="2023-07-22T14:22:35 IST" skipped="0">
  <testcase classname="testNGAnnottions_Flags.Flag3" name="method1" time="0.008"/>
  <testcase classname="testNGAnnottions_Flags.Flag3" name="method1" time="0.004"/>
  <testcase classname="testNGAnnottions_Flags.Flag3" name="method1" time="0.010"/>
  <testcase classname="testNGAnnottions_Flags.Flag3" name="method1" time="0.013"/>
  <testcase classname="testNGAnnottions_Flags.Flag3" name="method1" time="0.011"/>
  <testcase classname="testNGAnnottions_Flags.Flag3" name="method1" time="0.010"/>
  <testcase classname="testNGAnnottions_Flags.Flag3" name="method1" time="0.002"/>
  <testcase classname="testNGAnnottions_Flags.Flag3" name="method1" time="0.003"/>
  <testcase classname="testNGAnnottions_Flags.Flag3" name="method1" time="0.002"/>
  <testcase classname="testNGAnnottions_Flags.Flag3" name="method1" time="0.020"/>
  <testcase classname="testNGAnnottions_Flags.Flag3" name="method1" time="0.014"/>
  <testcase classname="testNGAnnottions_Flags.Flag3" name="method1" time="0.002"/>
  <testcase classname="testNGAnnottions_Flags.Flag3" name="method1" time="0.005"/>
  <testcase classname="testNGAnnottions_Flags.Flag3" name="method1" time="0.003"/>
  <testcase classname="testNGAnnottions_Flags.Flag3" name="method1" time="0.012"/>
  <testcase classname="testNGAnnottions_Flags.Flag3" name="method1" time="0.007"/>
  <testcase classname="testNGAnnottions_Flags.Flag3" name="method1" time="0.005"/>
  <testcase classname="testNGAnnottions_Flags.Flag3" name="method1" time="0.010"/>
  <testcase classname="testNGAnnottions_Flags.Flag3" name="method1" time="0.010"/>
  <testcase classname="testNGAnnottions_Flags.Flag3" name="method1" time="0.004"/>
  <testcase classname="testNGAnnottions_Flags.Flag3" name="method1" time="0.004"/>
  <testcase classname="testNGAnnottions_Flags.Flag3" name="method1" time="0.004"/>
  <testcase classname="testNGAnnottions_Flags.Flag3" name="method1" time="0.013"/>
  <testcase classname="testNGAnnottions_Flags.Flag3" name="method1" time="0.017"/>
  <testcase classname="testNGAnnottions_Flags.Flag3" name="method1" time="0.011"/>
  <testcase classname="testNGAnnottions_Flags.Flag3" name="method1" time="0.012"/>
  <testcase classname="testNGAnnottions_Flags.Flag3" name="method1" time="0.003"/>
  <testcase classname="testNGAnnottions_Flags.Flag3" name="method1" time="0.016"/>
  <testcase classname="testNGAnnottions_Flags.Flag3" name="method1" time="0.003"/>
  <testcase classname="testNGAnnottions_Flags.Flag3" name="method1" time="0.034"/>
  <testcase classname="testNGAnnottions_Flags.Flag3" name="method1" time="0.009"/>
  <testcase classname="testNGAnnottions_Flags.Flag3" name="method1" time="0.007"/>
  <testcase classname="testNGAnnottions_Flags.Flag3" name="method1" time="0.002"/>
  <testcase classname="testNGAnnottions_Flags.Flag3" name="method1" time="0.004"/>
  <testcase classname="testNGAnnottions_Flags.Flag3" name="method1" time="0.010"/>
  <testcase classname="testNGAnnottions_Flags.Flag3" name="method1" time="0.005"/>
  <testcase classname="testNGAnnottions_Flags.Flag3" name="method1" time="0.039"/>
  <testcase classname="testNGAnnottions_Flags.Flag3" name="method1" time="0.011"/>
  <testcase classname="testNGAnnottions_Flags.Flag3" name="method1" time="0.002"/>
  <testcase classname="testNGAnnottions_Flags.Flag3" name="method1" time="0.014"/>
  <testcase classname="testNGAnnottions_Flags.Flag3" name="method1" time="0.012"/>
  <testcase classname="testNGAnnottions_Flags.Flag3" name="method1" time="0.019"/>
  <testcase classname="testNGAnnottions_Flags.Flag3" name="method1" time="0.013"/>
  <testcase classname="testNGAnnottions_Flags.Flag3" name="method1" time="0.002"/>
  <testcase classname="testNGAnnottions_Flags.Flag3" name="method1" time="0.006"/>
  <testcase classname="testNGAnnottions_Flags.Flag3" name="method1" time="0.009"/>
  <testcase classname="testNGAnnottions_Flags.Flag3" name="method1" time="0.005"/>
  <testcase classname="testNGAnnottions_Flags.Flag3" name="method1" time="0.006"/>
  <testcase classname="testNGAnnottions_Flags.Flag3" name="method1" time="0.004"/>
  <testcase classname="testNGAnnottions_Flags.Flag3" name="method1" time="0.004"/>
</testsuite> <!-- testNGAnnottions_Flags.Flag3 -->
