<?xml version="1.0" encoding="UTF-8"?>
<!-- Generated by org.testng.reporters.JUnitReportReporter -->
<testsuite hostname="DESKTOP-1GE4RPA" failures="0" tests="1" name="testNGAnnottions_Flags.AnnotationsClass" time="0.021" errors="0" timestamp="2023-07-20T15:02:20 IST" skipped="0">
  <testcase classname="testNGAnnottions_Flags.AnnotationsClass" name="method1" time="0.021">
    <system-out>
      <![CDATA[TestAnnotation]]>
    </system-out>
  </testcase> <!-- method1 -->
  <system-out>
    <![CDATA[BeforeSuiteAnnotation
BeforeTestAnnotation
BeforeClassAnnotation
BeforeMethodAnnotation
TestAnnotation
AfterMethodAnnotation
AfterClassAnnotation
AfterTestAnnotation
AfterSuiteAnnotation]]>
  </system-out>
</testsuite> <!-- testNGAnnottions_Flags.AnnotationsClass -->
