<?xml version="1.0" encoding="UTF-8"?>
<!-- Generated by org.testng.reporters.JUnitReportReporter -->
<testsuite hostname="DESKTOP-1GE4RPA" failures="0" tests="3" name="testNGAnnottions_Flags.GoogleSearchTestCase" time="94.303" errors="0" timestamp="2023-07-20T14:44:08 IST" skipped="0">
  <testcase classname="testNGAnnottions_Flags.GoogleSearchTestCase" name="search3" time="29.747"/>
  <testcase classname="testNGAnnottions_Flags.GoogleSearchTestCase" name="search1" time="34.651"/>
  <testcase classname="testNGAnnottions_Flags.GoogleSearchTestCase" name="search2" time="29.905"/>
</testsuite> <!-- testNGAnnottions_Flags.GoogleSearchTestCase -->
