<?xml version="1.0" encoding="UTF-8"?>
<!-- Generated by org.testng.reporters.JUnitReportReporter -->
<testsuite hostname="DESKTOP-1GE4RPA" failures="0" tests="1" name="testNGPackage.Sumo" time="6.426" errors="0" timestamp="2023-07-18T23:53:21 IST" skipped="0">
  <testcase classname="testNGPackage.Sumo" name="method3" time="6.426">
    <system-out>
      <![CDATA[This is Sumo Class!!]]>
    </system-out>
  </testcase> <!-- method3 -->
  <system-out>
    <![CDATA[This is Demo Testing Class!!
This is a Remo Class!!
This is Sumo Class!!]]>
  </system-out>
</testsuite> <!-- testNGPackage.Sumo -->
